Downloading https://services.gradle.org/distributions/gradle-8.11.1-bin.zip
.............10%.............20%.............30%.............40%.............50%.............60%.............70%.............80%.............90%.............100%

Welcome to Gradle 8.11.1!

Here are the highlights of this release:
 - Parallel load and store for Configuration Cache
 - Java compilation errors at the end of the build output
 - Consolidated report for warnings and deprecations

For more details see https://docs.gradle.org/8.11.1/release-notes.html

Starting a Gradle Daemon (subsequent builds will be faster)

FAILURE: Build failed with an exception.

* What went wrong:
Could not determine the dependencies of task ':app:packageDebug'.
> Could not create task ':app:compileDebugJavaWithJavac'.
   > Failed to calculate the value of task ':app:compileDebugJavaWithJavac' property 'javaCompiler'.
      > Cannot find a Java installation on your machine matching this tasks requirements: {languageVersion=21, vendor=any vendor, implementation=vendor-specific} for LINUX on x86_64.
         > No locally installed toolchains match and toolchain auto-provisioning is not enabled.

* Try:
> Learn more about toolchain auto-detection at https://docs.gradle.org/8.11.1/userguide/toolchains.html#sec:auto_detection.
> Run with --stacktrace option to get the stack trace.
> Run with --info or --debug option to get more log output.
> Run with --scan to get full insights.
> Get more help at https://help.gradle.org.

BUILD FAILED in 1m 4s
BUILD FAILED (exit 1) — no new APK. See the Gradle output above;
re-run with --stacktrace or --info (append to TASK) for more detail.
